2019-01-15 22:35:58.268  INFO 7620 --- [main] c.e.d.SpringMvcAssignment2Application    : Starting SpringMvcAssignment2Application on Lenovo-PC with PID 7620 (E:\JAVAEE\Spring_Apple\SpringMVCAssignment-2\target\classes started by Tithi Shah in E:\JAVAEE\Spring_Apple\SpringMVCAssignment-2)
2019-01-15 22:35:58.290  INFO 7620 --- [main] c.e.d.SpringMvcAssignment2Application    : No active profile set, falling back to default profiles: default
2019-01-15 22:35:59.377  INFO 7620 --- [main] .s.d.r.c.RepositoryConfigurationDelegate : Bootstrapping Spring Data repositories in DEFAULT mode.
2019-01-15 22:35:59.527  INFO 7620 --- [main] .s.d.r.c.RepositoryConfigurationDelegate : Finished Spring Data repository scanning in 132ms. Found 2 repository interfaces.
2019-01-15 22:36:00.087  INFO 7620 --- [main] trationDelegate$BeanPostProcessorChecker : Bean 'org.springframework.transaction.annotation.ProxyTransactionManagementConfiguration' of type [org.springframework.transaction.annotation.ProxyTransactionManagementConfiguration$$EnhancerBySpringCGLIB$$57768e3e] is not eligible for getting processed by all BeanPostProcessors (for example: not eligible for auto-proxying)
2019-01-15 22:36:00.815  INFO 7620 --- [main] o.s.b.w.embedded.tomcat.TomcatWebServer  : Tomcat initialized with port(s): 9000 (http)
2019-01-15 22:36:00.838  INFO 7620 --- [main] o.apache.catalina.core.StandardService   : Starting service [Tomcat]
2019-01-15 22:36:00.838  INFO 7620 --- [main] org.apache.catalina.core.StandardEngine  : Starting Servlet Engine: Apache Tomcat/9.0.13
2019-01-15 22:36:00.838  INFO 7620 --- [main] o.a.catalina.core.AprLifecycleListener   : The APR based Apache Tomcat Native library which allows optimal performance in production environments was not found on the java.library.path: [C:\Program Files\Java\jre1.8.0_181\bin;C:\WINDOWS\Sun\Java\bin;C:\WINDOWS\system32;C:\WINDOWS;C:/Program Files/Java/jre1.8.0_181/bin/server;C:/Program Files/Java/jre1.8.0_181/bin;C:/Program Files/Java/jre1.8.0_181/lib/amd64;C:\Program Files (x86)\Common Files\Oracle\Java\javapath;E:\oracle\app\oracle\product\11.2.0\server\bin;C:\ProgramData\Oracle\Java\javapath;C:\Program Files (x86)\Intel\iCLS Client\;C:\Program Files\Intel\iCLS Client\;C:\WINDOWS\system32;C:\WINDOWS;C:\WINDOWS\System32\Wbem;C:\WINDOWS\System32\WindowsPowerShell\v1.0\;C:\Program Files\Intel\Intel(R) Management Engine Components\DAL;C:\Program Files\Intel\Intel(R) Management Engine Components\IPT;C:\Program Files (x86)\Intel\Intel(R) Management Engine Components\DAL;C:\Program Files (x86)\Intel\Intel(R) Management Engine Components\IPT;C:\Program Files (x86)\Intel\OpenCL SDK\2.0\bin\x86;C:\Program Files (x86)\Intel\OpenCL SDK\2.0\bin\x64;C:\Program Files\Lenovo Fingerprint Reader\;C:\Program Files\Lenovo Fingerprint Reader\x86\;C:\ProgramData\Lenovo\ReadyApps;c:\java\bin;c:\java\jre\bin;C:\Program Files\Intel\WiFi\bin\;C:\Program Files\Common Files\Intel\WirelessCommon\;C:\Program Files (x86)\Microsoft SQL Server\100\Tools\Binn\;C:\Program Files\Microsoft SQL Server\100\Tools\Binn\;C:\Program Files\Microsoft SQL Server\100\DTS\Binn\;C:\Program Files (x86)\Microsoft SQL Server\100\Tools\Binn\VSShell\Common7\IDE\;C:\Program Files (x86)\Microsoft SQL Server\100\DTS\Binn\;C:\Program Files (x86)\Microsoft Visual Studio 9.0\Common7\IDE\PrivateAssemblies\;C:\Program Files\MATLAB\R2012a\runtime\win64;C:\Program Files\MATLAB\R2012a\bin;C:\Java\bin;C:\Program Files (x86)\Java\jdk1.8.0_131\bin;E:\JavaEE_Installers\apache-maven-3.5.2\bin;E:\JAVAEE\NodeJS\;C:\WINDOWS\System32\OpenSSH\;E:\JavaEE_Installers\Git\cmd;C:\Users\Tithi Shah\AppData\Local\Microsoft\WindowsApps;C:\Users\Tithi Shah\AppData\Roaming\npm;E:\JavaEE_Installers\Microsoft VS Code\bin;;E:\JavaEE_Installers\sts-bundle\sts-3.9.2.RELEASE;;.]
2019-01-15 22:36:01.538  INFO 7620 --- [main] org.apache.jasper.servlet.TldScanner     : At least one JAR was scanned for TLDs yet contained no TLDs. Enable debug logging for this logger for a complete list of JARs that were scanned but no TLDs were found in them. Skipping unneeded JARs during scanning can improve startup time and JSP compilation time.
2019-01-15 22:36:01.554  INFO 7620 --- [main] o.a.c.c.C.[Tomcat].[localhost].[/]       : Initializing Spring embedded WebApplicationContext
2019-01-15 22:36:01.554  INFO 7620 --- [main] o.s.web.context.ContextLoader            : Root WebApplicationContext: initialization completed in 3124 ms
2019-01-15 22:36:01.776  INFO 7620 --- [main] com.zaxxer.hikari.HikariDataSource       : HikariPool-1 - Starting...
2019-01-15 22:36:01.776  WARN 7620 --- [main] com.zaxxer.hikari.util.DriverDataSource  : Registered driver with driverClassName=com.mysql.jdbc.Driver was not found, trying direct instantiation.
2019-01-15 22:36:02.875  INFO 7620 --- [main] com.zaxxer.hikari.HikariDataSource       : HikariPool-1 - Start completed.
2019-01-15 22:36:03.285  INFO 7620 --- [main] o.hibernate.jpa.internal.util.LogHelper  : HHH000204: Processing PersistenceUnitInfo [
	name: default
	...]
2019-01-15 22:36:04.548  INFO 7620 --- [main] org.hibernate.Version                    : HHH000412: Hibernate Core {5.3.7.Final}
2019-01-15 22:36:04.554  INFO 7620 --- [main] org.hibernate.cfg.Environment            : HHH000206: hibernate.properties not found
2019-01-15 22:36:04.913  INFO 7620 --- [main] o.hibernate.annotations.common.Version   : HCANN000001: Hibernate Commons Annotations {5.0.4.Final}
2019-01-15 22:36:05.132  INFO 7620 --- [main] org.hibernate.dialect.Dialect            : HHH000400: Using dialect: org.hibernate.dialect.MySQL5Dialect
2019-01-15 22:36:07.062  INFO 7620 --- [main] j.LocalContainerEntityManagerFactoryBean : Initialized JPA EntityManagerFactory for persistence unit 'default'
2019-01-15 22:36:12.639  INFO 7620 --- [main] o.s.s.concurrent.ThreadPoolTaskExecutor  : Initializing ExecutorService 'applicationTaskExecutor'
2019-01-15 22:36:12.713  WARN 7620 --- [main] aWebConfiguration$JpaWebMvcConfiguration : spring.jpa.open-in-view is enabled by default. Therefore, database queries may be performed during view rendering. Explicitly configure spring.jpa.open-in-view to disable this warning
2019-01-15 22:36:12.897  INFO 7620 --- [main] o.s.b.a.w.s.WelcomePageHandlerMapping    : Adding welcome page template: index
2019-01-15 22:36:13.750  INFO 7620 --- [main] o.s.b.w.embedded.tomcat.TomcatWebServer  : Tomcat started on port(s): 9000 (http) with context path ''
2019-01-15 22:36:13.758  INFO 7620 --- [main] c.e.d.SpringMvcAssignment2Application    : Started SpringMvcAssignment2Application in 16.048 seconds (JVM running for 18.12)
2019-01-15 22:36:19.972  INFO 7620 --- [http-nio-9000-exec-1] o.a.c.c.C.[Tomcat].[localhost].[/]       : Initializing Spring DispatcherServlet 'dispatcherServlet'
2019-01-15 22:36:19.972  INFO 7620 --- [http-nio-9000-exec-1] o.s.web.servlet.DispatcherServlet        : Initializing Servlet 'dispatcherServlet'
2019-01-15 22:36:19.987  INFO 7620 --- [http-nio-9000-exec-1] o.s.web.servlet.DispatcherServlet        : Completed initialization in 14 ms
2019-01-15 22:36:25.528  INFO 7620 --- [http-nio-9000-exec-2] com.springassign.aspect.LoggingAspect    : =====>> in @Before: calling method: BankController.getAccounts(..)
2019-01-15 22:36:25.528  INFO 7620 --- [http-nio-9000-exec-2] com.springassign.aspect.LoggingAspect    : =====>> argument: ModelAndView [view=[null]; model=null]
2019-01-15 22:36:25.534  INFO 7620 --- [http-nio-9000-exec-2] com.springassign.aspect.LoggingAspect    : =====>> in @Before: calling method: BankServiceImpl.getCustomers()
2019-01-15 22:36:25.623  INFO 7620 --- [http-nio-9000-exec-2] o.h.h.i.QueryTranslatorFactoryInitiator  : HHH000397: Using ASTQueryTranslatorFactory
2019-01-15 22:36:25.823  INFO 7620 --- [http-nio-9000-exec-2] com.springassign.aspect.LoggingAspect    : =====>> in @AfterReturning: from method: BankServiceImpl.getCustomers()
2019-01-15 22:36:25.823  INFO 7620 --- [http-nio-9000-exec-2] com.springassign.aspect.LoggingAspect    : =====>> result: [com.springassign.model.Customers@6a830cdb, com.springassign.model.Customers@1b3e67b0, com.springassign.model.Customers@5df7fc09, com.springassign.model.Customers@16cff648, com.springassign.model.Customers@4f3d29b7, com.springassign.model.Customers@2756c407, com.springassign.model.Customers@45236350, com.springassign.model.Customers@2c37a00a, com.springassign.model.Customers@ae144aa, com.springassign.model.Customers@1b06df0d, com.springassign.model.Customers@456106de, com.springassign.model.Customers@54c7c988, com.springassign.model.Customers@548303ae, com.springassign.model.Customers@79504084, com.springassign.model.Customers@344aee86, com.springassign.model.Customers@12f91c16]
2019-01-15 22:36:25.823  INFO 7620 --- [http-nio-9000-exec-2] com.springassign.aspect.LoggingAspect    : =====>> in @AfterReturning: from method: BankController.getAccounts(..)
2019-01-15 22:36:25.823  INFO 7620 --- [http-nio-9000-exec-2] com.springassign.aspect.LoggingAspect    : =====>> result: ModelAndView [view="DisplayAccounts"; model={customers=[com.springassign.model.Customers@6a830cdb, com.springassign.model.Customers@1b3e67b0, com.springassign.model.Customers@5df7fc09, com.springassign.model.Customers@16cff648, com.springassign.model.Customers@4f3d29b7, com.springassign.model.Customers@2756c407, com.springassign.model.Customers@45236350, com.springassign.model.Customers@2c37a00a, com.springassign.model.Customers@ae144aa, com.springassign.model.Customers@1b06df0d, com.springassign.model.Customers@456106de, com.springassign.model.Customers@54c7c988, com.springassign.model.Customers@548303ae, com.springassign.model.Customers@79504084, com.springassign.model.Customers@344aee86, com.springassign.model.Customers@12f91c16]}]
2019-01-15 22:36:29.746  INFO 7620 --- [http-nio-9000-exec-5] com.springassign.aspect.LoggingAspect    : =====>> in @Before: calling method: BankController.getAdmins(..)
2019-01-15 22:36:29.746  INFO 7620 --- [http-nio-9000-exec-5] com.springassign.aspect.LoggingAspect    : =====>> argument: ModelAndView [view=[null]; model=null]
2019-01-15 22:36:29.747  INFO 7620 --- [http-nio-9000-exec-5] com.springassign.aspect.LoggingAspect    : =====>> in @Before: calling method: BankServiceImpl.getAdmins()
2019-01-15 22:36:29.793  INFO 7620 --- [http-nio-9000-exec-5] com.springassign.aspect.LoggingAspect    : =====>> in @AfterReturning: from method: BankServiceImpl.getAdmins()
2019-01-15 22:36:29.794  INFO 7620 --- [http-nio-9000-exec-5] com.springassign.aspect.LoggingAspect    : =====>> result: [com.springassign.model.Admins@7afc64de, com.springassign.model.Admins@5edca1bd, com.springassign.model.Admins@4caace36, com.springassign.model.Admins@78bb5e56, com.springassign.model.Admins@61f80f0b, com.springassign.model.Admins@5a929bc0, com.springassign.model.Admins@40d325da, com.springassign.model.Admins@62b88a78, com.springassign.model.Admins@43995173]
2019-01-15 22:36:29.794  INFO 7620 --- [http-nio-9000-exec-5] com.springassign.aspect.LoggingAspect    : =====>> in @AfterReturning: from method: BankController.getAdmins(..)
2019-01-15 22:36:29.795  INFO 7620 --- [http-nio-9000-exec-5] com.springassign.aspect.LoggingAspect    : =====>> result: ModelAndView [view="DisplayAdmins"; model={admins=[com.springassign.model.Admins@7afc64de, com.springassign.model.Admins@5edca1bd, com.springassign.model.Admins@4caace36, com.springassign.model.Admins@78bb5e56, com.springassign.model.Admins@61f80f0b, com.springassign.model.Admins@5a929bc0, com.springassign.model.Admins@40d325da, com.springassign.model.Admins@62b88a78, com.springassign.model.Admins@43995173]}]
2019-01-15 22:36:40.567  INFO 7620 --- [RMI TCP Connection(2)-127.0.0.1] inMXBeanRegistrar$SpringApplicationAdmin : Application shutdown requested.
2019-01-15 22:36:40.580  INFO 7620 --- [RMI TCP Connection(2)-127.0.0.1] o.s.s.concurrent.ThreadPoolTaskExecutor  : Shutting down ExecutorService 'applicationTaskExecutor'
2019-01-15 22:36:40.580  INFO 7620 --- [RMI TCP Connection(2)-127.0.0.1] j.LocalContainerEntityManagerFactoryBean : Closing JPA EntityManagerFactory for persistence unit 'default'
2019-01-15 22:36:40.580  INFO 7620 --- [RMI TCP Connection(2)-127.0.0.1] com.zaxxer.hikari.HikariDataSource       : HikariPool-1 - Shutdown initiated...
2019-01-15 22:36:40.596  INFO 7620 --- [RMI TCP Connection(2)-127.0.0.1] com.zaxxer.hikari.HikariDataSource       : HikariPool-1 - Shutdown completed.
